100% 2760/2760 [03:00<00:00, 15.30it/s]
{'loss': 1.0854, 'grad_norm': 8.983790397644043, 'learning_rate': 0.00024576086956521734, 'epoch': 0.91}
{'loss': 0.7573, 'grad_norm': 6.902192115783691, 'learning_rate': 0.00019141304347826087, 'epoch': 1.81}
{'loss': 0.6386, 'grad_norm': 5.293901443481445, 'learning_rate': 0.00013706521739130433, 'epoch': 2.72}
{'loss': 0.6019, 'grad_norm': 11.446301460266113, 'learning_rate': 8.271739130434781e-05, 'epoch': 3.62}
{'loss': 0.5628, 'grad_norm': 10.936333656311035, 'learning_rate': 2.8369565217391302e-05, 'epoch': 4.53}
{'train_runtime': 182.2173, 'train_samples_per_second': 242.019, 'train_steps_per_second': 15.147, 'train_loss': 0.7107061247894729, 'epoch': 5.0}
[32m[I 2026-07-20 04:09:28,554][0m Trial 0 finished with value: 0.7107061247894729 and parameters: {'num_train_epochs': 5, 'learning_rate': 0.0003, 'per_device_train_batch_size': 16, 'per_device_eval_batch_size': 32, 'weight_decay': 0.07193166050975038}. Best is trial 0 with value: 0.7107061247894729.[0m
Some weights of XLMRobertaForSequenceClassification were not initialized from the model checkpoint at FacebookAI/xlm-roberta-base and are newly initialized: ['classifier.dense.bias', 'classifier.dense.weight', 'classifier.out_proj.bias', 'classifier.out_proj.weight']
You should probably TRAIN this model on a down-stream task to be able to use it for predictions and inference.
Map: 100% 8820/8820 [00:01<00:00, 5822.63 examples/s]
Map: 100% 1890/1890 [00:00<00:00, 5702.37 examples/s]
Map: 100% 1890/1890 [00:00<00:00, 5714.50 examples/s]
/content/Emotion-classification-with-PEFT_Augmented_bnf16/hp_tuning_peft.py:56: FutureWarning: `tokenizer` is deprecated and will be removed in version 5.0.0 for `Trainer.__init__`. Use `processing_class` instead.
  trainer = Trainer(
100% 9927/9927 [07:23<00:00, 22.37it/s]
{'loss': 1.2233, 'grad_norm': 14.832983016967773, 'learning_rate': 0.0002849199153822907, 'epoch': 0.45}
{'loss': 0.8709, 'grad_norm': 18.899803161621094, 'learning_rate': 0.00026980961015412506, 'epoch': 0.91}
{'loss': 0.7694, 'grad_norm': 13.779569625854492, 'learning_rate': 0.0002546993049259595, 'epoch': 1.36}
{'loss': 0.707, 'grad_norm': 9.18493938446045, 'learning_rate': 0.00023958899969779386, 'epoch': 1.81}
{'loss': 0.6497, 'grad_norm': 8.208643913269043, 'learning_rate': 0.00022447869446962825, 'epoch': 2.27}
{'loss': 0.6309, 'grad_norm': 8.628094673156738, 'learning_rate': 0.00020936838924146266, 'epoch': 2.72}
{'loss': 0.6218, 'grad_norm': 19.82858657836914, 'learning_rate': 0.00019425808401329705, 'epoch': 3.17}
{'loss': 0.5681, 'grad_norm': 14.935367584228516, 'learning_rate': 0.00017914777878513143, 'epoch': 3.63}
{'loss': 0.5767, 'grad_norm': 22.709129333496094, 'learning_rate': 0.00016403747355696582, 'epoch': 4.08}
{'loss': 0.5294, 'grad_norm': 5.044987678527832, 'learning_rate': 0.00014892716832880023, 'epoch': 4.53}
{'loss': 0.521, 'grad_norm': 10.699394226074219, 'learning_rate': 0.00013381686310063462, 'epoch': 4.99}
{'loss': 0.4849, 'grad_norm': 13.48914909362793, 'learning_rate': 0.00011870655787246902, 'epoch': 5.44}
{'loss': 0.4777, 'grad_norm': 5.587941646575928, 'learning_rate': 0.0001035962526443034, 'epoch': 5.89}
{'loss': 0.4347, 'grad_norm': 53.17243957519531, 'learning_rate': 8.84859474161378e-05, 'epoch': 6.35}
{'loss': 0.4568, 'grad_norm': 12.30263900756836, 'learning_rate': 7.337564218797219e-05, 'epoch': 6.8}
{'loss': 0.4369, 'grad_norm': 22.958391189575195, 'learning_rate': 5.826533695980658e-05, 'epoch': 7.25}
{'loss': 0.3894, 'grad_norm': 9.150514602661133, 'learning_rate': 4.315503173164098e-05, 'epoch': 7.71}
{'loss': 0.3823, 'grad_norm': 25.366165161132812, 'learning_rate': 2.8044726503475368e-05, 'epoch': 8.16}
{'loss': 0.3974, 'grad_norm': 21.065256118774414, 'learning_rate': 1.2934421275309759e-05, 'epoch': 8.61}
{'train_runtime': 443.6865, 'train_samples_per_second': 178.91, 'train_steps_per_second': 22.374, 'train_loss': 0.577200783431452, 'epoch': 9.0}
[32m[I 2026-07-20 04:16:57,753][0m Trial 1 finished with value: 0.577200783431452 and parameters: {'num_train_epochs': 9, 'learning_rate': 0.0003, 'per_device_train_batch_size': 8, 'per_device_eval_batch_size': 64, 'weight_decay': 0.06192251448466696}. Best is trial 1 with value: 0.577200783431452.[0m
Some weights of XLMRobertaForSequenceClassification were not initialized from the model checkpoint at FacebookAI/xlm-roberta-base and are newly initialized: ['classifier.dense.bias', 'classifier.dense.weight', 'classifier.out_proj.bias', 'classifier.out_proj.weight']
You should probably TRAIN this model on a down-stream task to be able to use it for predictions and inference.
Map: 100% 8820/8820 [00:01<00:00, 5931.16 examples/s]
Map: 100% 1890/1890 [00:00<00:00, 5871.23 examples/s]
Map: 100% 1890/1890 [00:00<00:00, 5863.05 examples/s]
/content/Emotion-classification-with-PEFT_Augmented_bnf16/hp_tuning_peft.py:56: FutureWarning: `tokenizer` is deprecated and will be removed in version 5.0.0 for `Trainer.__init__`. Use `processing_class` instead.
  trainer = Trainer(
100% 1104/1104 [02:09<00:00,  8.54it/s]
{'loss': 1.0122, 'grad_norm': 6.094070911407471, 'learning_rate': 0.0001644021739130435, 'epoch': 1.81}
{'loss': 0.6626, 'grad_norm': 7.097935676574707, 'learning_rate': 2.8532608695652175e-05, 'epoch': 3.62}
{'train_runtime': 129.2962, 'train_samples_per_second': 272.862, 'train_steps_per_second': 8.539, 'train_loss': 0.8173554461935292, 'epoch': 4.0}
[32m[I 2026-07-20 04:19:12,602][0m Trial 2 finished with value: 0.8173554461935292 and parameters: {'num_train_epochs': 4, 'learning_rate': 0.0003, 'per_device_train_batch_size': 32, 'per_device_eval_batch_size': 64, 'weight_decay': 0.019877817268081768}. Best is trial 1 with value: 0.577200783431452.[0m
Some weights of XLMRobertaForSequenceClassification were not initialized from the model checkpoint at FacebookAI/xlm-roberta-base and are newly initialized: ['classifier.dense.bias', 'classifier.dense.weight', 'classifier.out_proj.bias', 'classifier.out_proj.weight']
You should probably TRAIN this model on a down-stream task to be able to use it for predictions and inference.
Map: 100% 8820/8820 [00:01<00:00, 5539.96 examples/s]
Map: 100% 1890/1890 [00:00<00:00, 5596.31 examples/s]
Map: 100% 1890/1890 [00:00<00:00, 5598.12 examples/s]
/content/Emotion-classification-with-PEFT_Augmented_bnf16/hp_tuning_peft.py:56: FutureWarning: `tokenizer` is deprecated and will be removed in version 5.0.0 for `Trainer.__init__`. Use `processing_class` instead.
  trainer = Trainer(
100% 3309/3309 [02:29<00:00, 22.10it/s]
{'loss': 1.5343, 'grad_norm': 10.187682151794434, 'learning_rate': 4.245995769114536e-05, 'epoch': 0.45}
{'loss': 0.989, 'grad_norm': 13.870844841003418, 'learning_rate': 3.4904805077062555e-05, 'epoch': 0.91}
{'loss': 0.9003, 'grad_norm': 17.316038131713867, 'learning_rate': 2.734965246297975e-05, 'epoch': 1.36}
{'loss': 0.8408, 'grad_norm': 11.658735275268555, 'learning_rate': 1.979449984889695e-05, 'epoch': 1.81}
{'loss': 0.8085, 'grad_norm': 14.090912818908691, 'learning_rate': 1.2239347234814143e-05, 'epoch': 2.27}
{'loss': 0.769, 'grad_norm': 15.276175498962402, 'learning_rate': 4.68419462073134e-06, 'epoch': 2.72}
{'train_runtime': 149.738, 'train_samples_per_second': 176.709, 'train_steps_per_second': 22.099, 'train_loss': 0.9584891352995027, 'epoch': 3.0}
[32m[I 2026-07-20 04:21:48,044][0m Trial 3 finished with value: 0.9584891352995027 and parameters: {'num_train_epochs': 3, 'learning_rate': 5e-05, 'per_device_train_batch_size': 8, 'per_device_eval_batch_size': 16, 'weight_decay': 0.06948926133231673}. Best is trial 1 with value: 0.577200783431452.[0m
Some weights of XLMRobertaForSequenceClassification were not initialized from the model checkpoint at FacebookAI/xlm-roberta-base and are newly initialized: ['classifier.dense.bias', 'classifier.dense.weight', 'classifier.out_proj.bias', 'classifier.out_proj.weight']
You should probably TRAIN this model on a down-stream task to be able to use it for predictions and inference.
Map: 100% 8820/8820 [00:01<00:00, 5746.99 examples/s]
Map: 100% 1890/1890 [00:00<00:00, 5727.68 examples/s]
Map: 100% 1890/1890 [00:00<00:00, 2826.87 examples/s]
/content/Emotion-classification-with-PEFT_Augmented_bnf16/hp_tuning_peft.py:56: FutureWarning: `tokenizer` is deprecated and will be removed in version 5.0.0 for `Trainer.__init__`. Use `processing_class` instead.
  trainer = Trainer(
100% 1380/1380 [05:01<00:00,  4.57it/s]
{'loss': 1.0153, 'grad_norm': 4.636361598968506, 'learning_rate': 6.384057971014493e-05, 'epoch': 3.62}
{'loss': 0.7148, 'grad_norm': 4.847629070281982, 'learning_rate': 2.7608695652173917e-05, 'epoch': 7.25}
{'train_runtime': 301.6978, 'train_samples_per_second': 292.346, 'train_steps_per_second': 4.574, 'train_loss': 0.8087581468665082, 'epoch': 10.0}
[32m[I 2026-07-20 04:26:55,711][0m Trial 4 finished with value: 0.8087581468665082 and parameters: {'num_train_epochs': 10, 'learning_rate': 0.0001, 'per_device_train_batch_size': 64, 'per_device_eval_batch_size': 32, 'weight_decay': 0.029499337610590107}. Best is trial 1 with value: 0.577200783431452.[0m
Some weights of XLMRobertaForSequenceClassification were not initialized from the model checkpoint at FacebookAI/xlm-roberta-base and are newly initialized: ['classifier.dense.bias', 'classifier.dense.weight', 'classifier.out_proj.bias', 'classifier.out_proj.weight']
You should probably TRAIN this model on a down-stream task to be able to use it for predictions and inference.
Map: 100% 8820/8820 [00:01<00:00, 5355.45 examples/s]
Map: 100% 1890/1890 [00:00<00:00, 5541.16 examples/s]
Map: 100% 1890/1890 [00:00<00:00, 5559.30 examples/s]
/content/Emotion-classification-with-PEFT_Augmented_bnf16/hp_tuning_peft.py:56: FutureWarning: `tokenizer` is deprecated and will be removed in version 5.0.0 for `Trainer.__init__`. Use `processing_class` instead.
  trainer = Trainer(
100% 966/966 [03:32<00:00,  4.54it/s]
{'loss': 1.5685, 'grad_norm': 4.184817314147949, 'learning_rate': 9.66873706004141e-06, 'epoch': 3.62}
{'train_runtime': 212.8232, 'train_samples_per_second': 290.1, 'train_steps_per_second': 4.539, 'train_loss': 1.3537252674932065, 'epoch': 7.0}
[32m[I 2026-07-20 04:30:34,334][0m Trial 5 finished with value: 1.3537252674932065 and parameters: {'num_train_epochs': 7, 'learning_rate': 2e-05, 'per_device_train_batch_size': 64, 'per_device_eval_batch_size': 8, 'weight_decay': 0.005454463801968335}. Best is trial 1 with value: 0.577200783431452.[0m
Some weights of XLMRobertaForSequenceClassification were not initialized from the model checkpoint at FacebookAI/xlm-roberta-base and are newly initialized: ['classifier.dense.bias', 'classifier.dense.weight', 'classifier.out_proj.bias', 'classifier.out_proj.weight']
You should probably TRAIN this model on a down-stream task to be able to use it for predictions and inference.
Map: 100% 8820/8820 [00:01<00:00, 5642.00 examples/s]
Map: 100% 1890/1890 [00:00<00:00, 5707.76 examples/s]
Map: 100% 1890/1890 [00:00<00:00, 5613.20 examples/s]
/content/Emotion-classification-with-PEFT_Augmented_bnf16/hp_tuning_peft.py:56: FutureWarning: `tokenizer` is deprecated and will be removed in version 5.0.0 for `Trainer.__init__`. Use `processing_class` instead.
  trainer = Trainer(
100% 2760/2760 [03:02<00:00, 15.15it/s]
{'loss': 1.4029, 'grad_norm': 10.469942092895508, 'learning_rate': 4.0960144927536234e-05, 'epoch': 0.91}
{'loss': 0.9086, 'grad_norm': 9.812129020690918, 'learning_rate': 3.190217391304348e-05, 'epoch': 1.81}
{'loss': 0.8079, 'grad_norm': 12.123574256896973, 'learning_rate': 2.2844202898550727e-05, 'epoch': 2.72}
{'loss': 0.7786, 'grad_norm': 19.056941986083984, 'learning_rate': 1.378623188405797e-05, 'epoch': 3.62}
{'loss': 0.76, 'grad_norm': 10.819697380065918, 'learning_rate': 4.728260869565217e-06, 'epoch': 4.53}
{'train_runtime': 182.1478, 'train_samples_per_second': 242.111, 'train_steps_per_second': 15.153, 'train_loss': 0.9160261292388474, 'epoch': 5.0}
[32m[I 2026-07-20 04:33:42,229][0m Trial 6 finished with value: 0.9160261292388474 and parameters: {'num_train_epochs': 5, 'learning_rate': 5e-05, 'per_device_train_batch_size': 16, 'per_device_eval_batch_size': 64, 'weight_decay': 0.03882414969003001}. Best is trial 1 with value: 0.577200783431452.[0m
Some weights of XLMRobertaForSequenceClassification were not initialized from the model checkpoint at FacebookAI/xlm-roberta-base and are newly initialized: ['classifier.dense.bias', 'classifier.dense.weight', 'classifier.out_proj.bias', 'classifier.out_proj.weight']
You should probably TRAIN this model on a down-stream task to be able to use it for predictions and inference.
Map: 100% 8820/8820 [00:01<00:00, 5359.13 examples/s]
Map: 100% 1890/1890 [00:00<00:00, 5370.90 examples/s]
Map: 100% 1890/1890 [00:00<00:00, 2718.96 examples/s]
/content/Emotion-classification-with-PEFT_Augmented_bnf16/hp_tuning_peft.py:56: FutureWarning: `tokenizer` is deprecated and will be removed in version 5.0.0 for `Trainer.__init__`. Use `processing_class` instead.
  trainer = Trainer(
100% 1656/1656 [03:15<00:00,  8.47it/s]
{'loss': 0.9638, 'grad_norm': 5.048508167266846, 'learning_rate': 0.0002096014492753623, 'epoch': 1.81}
{'loss': 0.6422, 'grad_norm': 6.572789669036865, 'learning_rate': 0.00011902173913043477, 'epoch': 3.62}
{'loss': 0.569, 'grad_norm': 4.911153316497803, 'learning_rate': 2.8442028985507245e-05, 'epoch': 5.43}
{'train_runtime': 195.5274, 'train_samples_per_second': 270.653, 'train_steps_per_second': 8.469, 'train_loss': 0.7068928796887973, 'epoch': 6.0}
[32m[I 2026-07-20 04:37:03,937][0m Trial 7 finished with value: 0.7068928796887973 and parameters: {'num_train_epochs': 6, 'learning_rate': 0.0003, 'per_device_train_batch_size': 32, 'per_device_eval_batch_size': 16, 'weight_decay': 0.03658273144867043}. Best is trial 1 with value: 0.577200783431452.[0m
Some weights of XLMRobertaForSequenceClassification were not initialized from the model checkpoint at FacebookAI/xlm-roberta-base and are newly initialized: ['classifier.dense.bias', 'classifier.dense.weight', 'classifier.out_proj.bias', 'classifier.out_proj.weight']
You should probably TRAIN this model on a down-stream task to be able to use it for predictions and inference.
Map: 100% 8820/8820 [00:01<00:00, 5500.02 examples/s]
Map: 100% 1890/1890 [00:00<00:00, 5568.04 examples/s]
Map: 100% 1890/1890 [00:00<00:00, 5619.85 examples/s]
/content/Emotion-classification-with-PEFT_Augmented_bnf16/hp_tuning_peft.py:56: FutureWarning: `tokenizer` is deprecated and will be removed in version 5.0.0 for `Trainer.__init__`. Use `processing_class` instead.
  trainer = Trainer(
100% 1932/1932 [03:46<00:00,  8.52it/s]
{'loss': 0.9598, 'grad_norm': 4.241480827331543, 'learning_rate': 0.0002225155279503105, 'epoch': 1.81}
{'loss': 0.6438, 'grad_norm': 7.187488555908203, 'learning_rate': 0.00014487577639751552, 'epoch': 3.62}
{'loss': 0.5665, 'grad_norm': 5.092487812042236, 'learning_rate': 6.723602484472048e-05, 'epoch': 5.43}
{'train_runtime': 226.6724, 'train_samples_per_second': 272.376, 'train_steps_per_second': 8.523, 'train_loss': 0.6778820582798549, 'epoch': 7.0}
[32m[I 2026-07-20 04:40:56,392][0m Trial 8 finished with value: 0.6778820582798549 and parameters: {'num_train_epochs': 7, 'learning_rate': 0.0003, 'per_device_train_batch_size': 32, 'per_device_eval_batch_size': 8, 'weight_decay': 0.06416207367009703}. Best is trial 1 with value: 0.577200783431452.[0m
Some weights of XLMRobertaForSequenceClassification were not initialized from the model checkpoint at FacebookAI/xlm-roberta-base and are newly initialized: ['classifier.dense.bias', 'classifier.dense.weight', 'classifier.out_proj.bias', 'classifier.out_proj.weight']
You should probably TRAIN this model on a down-stream task to be able to use it for predictions and inference.
Map: 100% 8820/8820 [00:01<00:00, 5375.27 examples/s]
Map: 100% 1890/1890 [00:00<00:00, 5454.20 examples/s]
Map: 100% 1890/1890 [00:00<00:00, 5552.53 examples/s]
/content/Emotion-classification-with-PEFT_Augmented_bnf16/hp_tuning_peft.py:56: FutureWarning: `tokenizer` is deprecated and will be removed in version 5.0.0 for `Trainer.__init__`. Use `processing_class` instead.
  trainer = Trainer(
100% 5515/5515 [04:10<00:00, 21.98it/s]
{'loss': 1.5374, 'grad_norm': 9.416994094848633, 'learning_rate': 4.5475974614687214e-05, 'epoch': 0.45}
{'loss': 0.9853, 'grad_norm': 13.418806076049805, 'learning_rate': 4.0942883046237534e-05, 'epoch': 0.91}
{'loss': 0.8937, 'grad_norm': 17.526836395263672, 'learning_rate': 3.6409791477787854e-05, 'epoch': 1.36}
{'loss': 0.8276, 'grad_norm': 9.516733169555664, 'learning_rate': 3.187669990933817e-05, 'epoch': 1.81}
{'loss': 0.7893, 'grad_norm': 15.282052993774414, 'learning_rate': 2.7343608340888486e-05, 'epoch': 2.27}
{'loss': 0.7466, 'grad_norm': 14.187223434448242, 'learning_rate': 2.2810516772438803e-05, 'epoch': 2.72}
{'loss': 0.766, 'grad_norm': 24.53920555114746, 'learning_rate': 1.8277425203989122e-05, 'epoch': 3.17}
{'loss': 0.7284, 'grad_norm': 24.506763458251953, 'learning_rate': 1.3744333635539439e-05, 'epoch': 3.63}
{'loss': 0.7265, 'grad_norm': 20.117280960083008, 'learning_rate': 9.211242067089755e-06, 'epoch': 4.08}
{'loss': 0.7161, 'grad_norm': 12.350683212280273, 'learning_rate': 4.6781504986400725e-06, 'epoch': 4.53}
{'loss': 0.7247, 'grad_norm': 14.591065406799316, 'learning_rate': 1.4505893019038986e-07, 'epoch': 4.99}
{'train_runtime': 250.9729, 'train_samples_per_second': 175.716, 'train_steps_per_second': 21.974, 'train_loss': 0.8583939108757787, 'epoch': 5.0}
[32m[I 2026-07-20 04:45:13,203][0m Trial 9 finished with value: 0.8583939108757787 and parameters: {'num_train_epochs': 5, 'learning_rate': 5e-05, 'per_device_train_batch_size': 8, 'per_device_eval_batch_size': 64, 'weight_decay': 0.043488535946737655}. Best is trial 1 with value: 0.577200783431452.[0m


Best value:  0.577200783431452


Best params:  {'num_train_epochs': 9, 'learning_rate': 0.0003, 'per_device_train_batch_size': 8, 'per_device_eval_batch_size': 64, 'weight_decay': 0.06192251448466696}


Best trial:  FrozenTrial(number=1, state=<TrialState.COMPLETE: 1>, values=[0.577200783431452], datetime_start=datetime.datetime(2026, 7, 20, 4, 9, 28, 555160), datetime_complete=datetime.datetime(2026, 7, 20, 4, 16, 57, 753237), params={'num_train_epochs': 9, 'learning_rate': 0.0003, 'per_device_train_batch_size': 8, 'per_device_eval_batch_size': 64, 'weight_decay': 0.06192251448466696}, user_attrs={}, system_attrs={}, intermediate_values={}, distributions={'num_train_epochs': IntDistribution(high=10, log=False, low=1, step=1), 'learning_rate': CategoricalDistribution(choices=(0.0001, 0.0003, 2e-05, 3e-05, 5e-05)), 'per_device_train_batch_size': CategoricalDistribution(choices=(8, 16, 32, 64)), 'per_device_eval_batch_size': CategoricalDistribution(choices=(8, 16, 32, 64)), 'weight_decay': FloatDistribution(high=0.1, log=False, low=0.0, step=None)}, trial_id=1, value=None)
JSON file created!
