100% 2760/2760 [03:02<00:00, 15.10it/s]
{'loss': 1.7378, 'grad_norm': 3.8936831951141357, 'learning_rate': 4.0960144927536234e-05, 'epoch': 0.91}
{'loss': 1.4633, 'grad_norm': 6.166361331939697, 'learning_rate': 3.190217391304348e-05, 'epoch': 1.81}
{'loss': 1.3223, 'grad_norm': 8.927730560302734, 'learning_rate': 2.2844202898550727e-05, 'epoch': 2.72}
{'loss': 1.2402, 'grad_norm': 8.326020240783691, 'learning_rate': 1.378623188405797e-05, 'epoch': 3.62}
{'loss': 1.1669, 'grad_norm': 9.419360160827637, 'learning_rate': 4.728260869565217e-06, 'epoch': 4.53}
{'train_runtime': 184.5523, 'train_samples_per_second': 238.957, 'train_steps_per_second': 14.955, 'train_loss': 1.3642877219379812, 'epoch': 5.0}
[32m[I 2026-07-20 04:48:44,046][0m Trial 0 finished with value: 1.3642877219379812 and parameters: {'num_train_epochs': 5, 'learning_rate': 5e-05, 'per_device_train_batch_size': 16, 'per_device_eval_batch_size': 8, 'weight_decay': 0.08304640827208536}. Best is trial 0 with value: 1.3642877219379812.[0m
Some weights of BertForSequenceClassification were not initialized from the model checkpoint at google-bert/bert-base-multilingual-cased and are newly initialized: ['classifier.bias', 'classifier.weight']
You should probably TRAIN this model on a down-stream task to be able to use it for predictions and inference.
Map: 100% 8820/8820 [00:01<00:00, 6125.65 examples/s]
Map: 100% 1890/1890 [00:00<00:00, 6158.30 examples/s]
Map: 100% 1890/1890 [00:00<00:00, 6259.73 examples/s]
/content/Emotion-classification-with-PEFT_Augmented_bnf16/hp_tuning_peft.py:56: FutureWarning: `tokenizer` is deprecated and will be removed in version 5.0.0 for `Trainer.__init__`. Use `processing_class` instead.
  trainer = Trainer(
100% 5520/5520 [06:07<00:00, 15.01it/s]
{'loss': 1.7721, 'grad_norm': 3.391674041748047, 'learning_rate': 2.728804347826087e-05, 'epoch': 0.91}
{'loss': 1.6791, 'grad_norm': 6.113354682922363, 'learning_rate': 2.4570652173913042e-05, 'epoch': 1.81}
{'loss': 1.5518, 'grad_norm': 9.500336647033691, 'learning_rate': 2.1853260869565216e-05, 'epoch': 2.72}
{'loss': 1.4575, 'grad_norm': 8.063133239746094, 'learning_rate': 1.9135869565217394e-05, 'epoch': 3.62}
{'loss': 1.3817, 'grad_norm': 11.309496879577637, 'learning_rate': 1.6418478260869565e-05, 'epoch': 4.53}
{'loss': 1.3316, 'grad_norm': 12.176019668579102, 'learning_rate': 1.370108695652174e-05, 'epoch': 5.43}
{'loss': 1.2892, 'grad_norm': 15.860139846801758, 'learning_rate': 1.0983695652173913e-05, 'epoch': 6.34}
{'loss': 1.2512, 'grad_norm': 10.498838424682617, 'learning_rate': 8.266304347826087e-06, 'epoch': 7.25}
{'loss': 1.2124, 'grad_norm': 8.068794250488281, 'learning_rate': 5.548913043478261e-06, 'epoch': 8.15}
{'loss': 1.2024, 'grad_norm': 9.90261459350586, 'learning_rate': 2.831521739130435e-06, 'epoch': 9.06}
{'loss': 1.1809, 'grad_norm': 9.039505004882812, 'learning_rate': 1.1413043478260871e-07, 'epoch': 9.96}
{'train_runtime': 367.7554, 'train_samples_per_second': 239.833, 'train_steps_per_second': 15.01, 'train_loss': 1.390978753739509, 'epoch': 10.0}
[32m[I 2026-07-20 04:54:56,094][0m Trial 1 finished with value: 1.390978753739509 and parameters: {'num_train_epochs': 10, 'learning_rate': 3e-05, 'per_device_train_batch_size': 16, 'per_device_eval_batch_size': 32, 'weight_decay': 0.0858593361984016}. Best is trial 0 with value: 1.3642877219379812.[0m
Some weights of BertForSequenceClassification were not initialized from the model checkpoint at google-bert/bert-base-multilingual-cased and are newly initialized: ['classifier.bias', 'classifier.weight']
You should probably TRAIN this model on a down-stream task to be able to use it for predictions and inference.
Map: 100% 8820/8820 [00:01<00:00, 6305.85 examples/s]
Map: 100% 1890/1890 [00:00<00:00, 6217.81 examples/s]
Map: 100% 1890/1890 [00:00<00:00, 6379.83 examples/s]
/content/Emotion-classification-with-PEFT_Augmented_bnf16/hp_tuning_peft.py:56: FutureWarning: `tokenizer` is deprecated and will be removed in version 5.0.0 for `Trainer.__init__`. Use `processing_class` instead.
  trainer = Trainer(
100% 5520/5520 [06:08<00:00, 14.97it/s]
{'loss': 1.6945, 'grad_norm': 5.246304512023926, 'learning_rate': 4.548007246376812e-05, 'epoch': 0.91}
{'loss': 1.3772, 'grad_norm': 10.592273712158203, 'learning_rate': 4.095108695652174e-05, 'epoch': 1.81}
{'loss': 1.2223, 'grad_norm': 9.03408145904541, 'learning_rate': 3.642210144927536e-05, 'epoch': 2.72}
{'loss': 1.1269, 'grad_norm': 8.422037124633789, 'learning_rate': 3.189311594202899e-05, 'epoch': 3.62}
{'loss': 1.0319, 'grad_norm': 10.026081085205078, 'learning_rate': 2.7364130434782608e-05, 'epoch': 4.53}
{'loss': 0.9709, 'grad_norm': 12.398832321166992, 'learning_rate': 2.2835144927536234e-05, 'epoch': 5.43}
{'loss': 0.9561, 'grad_norm': 10.164754867553711, 'learning_rate': 1.8306159420289856e-05, 'epoch': 6.34}
{'loss': 0.9257, 'grad_norm': 12.457018852233887, 'learning_rate': 1.3777173913043479e-05, 'epoch': 7.25}
{'loss': 0.8878, 'grad_norm': 7.3622565269470215, 'learning_rate': 9.248188405797103e-06, 'epoch': 8.15}
{'loss': 0.9042, 'grad_norm': 9.975983619689941, 'learning_rate': 4.719202898550725e-06, 'epoch': 9.06}
{'loss': 0.8838, 'grad_norm': 12.40611457824707, 'learning_rate': 1.9021739130434784e-07, 'epoch': 9.96}
{'train_runtime': 368.7298, 'train_samples_per_second': 239.2, 'train_steps_per_second': 14.97, 'train_loss': 1.0881262589192044, 'epoch': 10.0}
[32m[I 2026-07-20 05:01:09,118][0m Trial 2 finished with value: 1.0881262589192044 and parameters: {'num_train_epochs': 10, 'learning_rate': 5e-05, 'per_device_train_batch_size': 16, 'per_device_eval_batch_size': 64, 'weight_decay': 0.037206674576447156}. Best is trial 2 with value: 1.0881262589192044.[0m
Some weights of BertForSequenceClassification were not initialized from the model checkpoint at google-bert/bert-base-multilingual-cased and are newly initialized: ['classifier.bias', 'classifier.weight']
You should probably TRAIN this model on a down-stream task to be able to use it for predictions and inference.
Map: 100% 8820/8820 [00:01<00:00, 6254.86 examples/s]
Map: 100% 1890/1890 [00:00<00:00, 6168.39 examples/s]
Map: 100% 1890/1890 [00:00<00:00, 6248.49 examples/s]
/content/Emotion-classification-with-PEFT_Augmented_bnf16/hp_tuning_peft.py:56: FutureWarning: `tokenizer` is deprecated and will be removed in version 5.0.0 for `Trainer.__init__`. Use `processing_class` instead.
  trainer = Trainer(
100% 7721/7721 [05:32<00:00, 23.25it/s]
{'loss': 1.6667, 'grad_norm': 16.65991973876953, 'learning_rate': 9.353710659241032e-05, 'epoch': 0.45}
{'loss': 1.3472, 'grad_norm': 7.271679878234863, 'learning_rate': 8.706126149462505e-05, 'epoch': 0.91}
{'loss': 1.1368, 'grad_norm': 7.093679428100586, 'learning_rate': 8.05854163968398e-05, 'epoch': 1.36}
{'loss': 1.044, 'grad_norm': 6.623088836669922, 'learning_rate': 7.410957129905452e-05, 'epoch': 1.81}
{'loss': 0.9698, 'grad_norm': 9.879046440124512, 'learning_rate': 6.763372620126927e-05, 'epoch': 2.27}
{'loss': 0.9115, 'grad_norm': 7.693181991577148, 'learning_rate': 6.115788110348401e-05, 'epoch': 2.72}
{'loss': 0.8996, 'grad_norm': 8.959558486938477, 'learning_rate': 5.4682036005698744e-05, 'epoch': 3.17}
{'loss': 0.8483, 'grad_norm': 9.480478286743164, 'learning_rate': 4.8206190907913486e-05, 'epoch': 3.63}
{'loss': 0.8441, 'grad_norm': 10.646044731140137, 'learning_rate': 4.173034581012822e-05, 'epoch': 4.08}
{'loss': 0.7908, 'grad_norm': 11.982281684875488, 'learning_rate': 3.5254500712342965e-05, 'epoch': 4.53}
{'loss': 0.7977, 'grad_norm': 12.067291259765625, 'learning_rate': 2.8778655614557704e-05, 'epoch': 4.99}
{'loss': 0.7468, 'grad_norm': 18.06821632385254, 'learning_rate': 2.230281051677244e-05, 'epoch': 5.44}
{'loss': 0.7638, 'grad_norm': 10.176873207092285, 'learning_rate': 1.582696541898718e-05, 'epoch': 5.89}
{'loss': 0.7411, 'grad_norm': 15.669397354125977, 'learning_rate': 9.351120321201918e-06, 'epoch': 6.35}
{'loss': 0.7321, 'grad_norm': 10.697158813476562, 'learning_rate': 2.8752752234166558e-06, 'epoch': 6.8}
{'train_runtime': 332.1148, 'train_samples_per_second': 185.9, 'train_steps_per_second': 23.248, 'train_loss': 0.943185109391822, 'epoch': 7.0}
[32m[I 2026-07-20 05:06:45,508][0m Trial 3 finished with value: 0.943185109391822 and parameters: {'num_train_epochs': 7, 'learning_rate': 0.0001, 'per_device_train_batch_size': 8, 'per_device_eval_batch_size': 8, 'weight_decay': 0.09662786467730278}. Best is trial 3 with value: 0.943185109391822.[0m
Some weights of BertForSequenceClassification were not initialized from the model checkpoint at google-bert/bert-base-multilingual-cased and are newly initialized: ['classifier.bias', 'classifier.weight']
You should probably TRAIN this model on a down-stream task to be able to use it for predictions and inference.
Map: 100% 8820/8820 [00:01<00:00, 6227.98 examples/s]
Map: 100% 1890/1890 [00:00<00:00, 6096.63 examples/s]
Map: 100% 1890/1890 [00:00<00:00, 6186.49 examples/s]
/content/Emotion-classification-with-PEFT_Augmented_bnf16/hp_tuning_peft.py:56: FutureWarning: `tokenizer` is deprecated and will be removed in version 5.0.0 for `Trainer.__init__`. Use `processing_class` instead.
  trainer = Trainer(
100% 138/138 [00:30<00:00,  4.46it/s]
{'train_runtime': 30.9415, 'train_samples_per_second': 285.054, 'train_steps_per_second': 4.46, 'train_loss': 1.79574109505916, 'epoch': 1.0}
[32m[I 2026-07-20 05:07:20,715][0m Trial 4 finished with value: 1.79574109505916 and parameters: {'num_train_epochs': 1, 'learning_rate': 3e-05, 'per_device_train_batch_size': 64, 'per_device_eval_batch_size': 64, 'weight_decay': 0.08770220251525884}. Best is trial 3 with value: 0.943185109391822.[0m
Some weights of BertForSequenceClassification were not initialized from the model checkpoint at google-bert/bert-base-multilingual-cased and are newly initialized: ['classifier.bias', 'classifier.weight']
You should probably TRAIN this model on a down-stream task to be able to use it for predictions and inference.
Map: 100% 8820/8820 [00:01<00:00, 6174.86 examples/s]
Map: 100% 1890/1890 [00:00<00:00, 6234.50 examples/s]
Map: 100% 1890/1890 [00:00<00:00, 6059.68 examples/s]
/content/Emotion-classification-with-PEFT_Augmented_bnf16/hp_tuning_peft.py:56: FutureWarning: `tokenizer` is deprecated and will be removed in version 5.0.0 for `Trainer.__init__`. Use `processing_class` instead.
  trainer = Trainer(
100% 2760/2760 [05:30<00:00,  8.36it/s]
{'loss': 1.603, 'grad_norm': 5.62986421585083, 'learning_rate': 8.192028985507247e-05, 'epoch': 1.81}
{'loss': 1.1541, 'grad_norm': 5.741837501525879, 'learning_rate': 6.380434782608696e-05, 'epoch': 3.62}
{'loss': 0.9236, 'grad_norm': 6.1797919273376465, 'learning_rate': 4.5688405797101454e-05, 'epoch': 5.43}
{'loss': 0.8462, 'grad_norm': 5.785292148590088, 'learning_rate': 2.757246376811594e-05, 'epoch': 7.25}
{'loss': 0.8003, 'grad_norm': 8.384986877441406, 'learning_rate': 9.456521739130434e-06, 'epoch': 9.06}
{'train_runtime': 330.0335, 'train_samples_per_second': 267.246, 'train_steps_per_second': 8.363, 'train_loss': 1.0386789570684019, 'epoch': 10.0}
[32m[I 2026-07-20 05:12:55,008][0m Trial 5 finished with value: 1.0386789570684019 and parameters: {'num_train_epochs': 10, 'learning_rate': 0.0001, 'per_device_train_batch_size': 32, 'per_device_eval_batch_size': 8, 'weight_decay': 0.044639129176375685}. Best is trial 3 with value: 0.943185109391822.[0m
Some weights of BertForSequenceClassification were not initialized from the model checkpoint at google-bert/bert-base-multilingual-cased and are newly initialized: ['classifier.bias', 'classifier.weight']
You should probably TRAIN this model on a down-stream task to be able to use it for predictions and inference.
Map: 100% 8820/8820 [00:01<00:00, 6121.17 examples/s]
Map: 100% 1890/1890 [00:00<00:00, 6236.50 examples/s]
Map: 100% 1890/1890 [00:00<00:00, 6292.15 examples/s]
/content/Emotion-classification-with-PEFT_Augmented_bnf16/hp_tuning_peft.py:56: FutureWarning: `tokenizer` is deprecated and will be removed in version 5.0.0 for `Trainer.__init__`. Use `processing_class` instead.
  trainer = Trainer(
100% 4412/4412 [03:10<00:00, 23.21it/s]
{'loss': 1.7919, 'grad_norm': 2.011124849319458, 'learning_rate': 1.773798730734361e-05, 'epoch': 0.45}
{'loss': 1.7422, 'grad_norm': 4.584343433380127, 'learning_rate': 1.5471441523118767e-05, 'epoch': 0.91}
{'loss': 1.657, 'grad_norm': 6.9769673347473145, 'learning_rate': 1.3204895738893926e-05, 'epoch': 1.36}
{'loss': 1.5855, 'grad_norm': 9.700323104858398, 'learning_rate': 1.0938349954669085e-05, 'epoch': 1.81}
{'loss': 1.5169, 'grad_norm': 12.75679874420166, 'learning_rate': 8.671804170444244e-06, 'epoch': 2.27}
{'loss': 1.4602, 'grad_norm': 9.802345275878906, 'learning_rate': 6.405258386219402e-06, 'epoch': 2.72}
{'loss': 1.4527, 'grad_norm': 9.905813217163086, 'learning_rate': 4.138712601994561e-06, 'epoch': 3.17}
{'loss': 1.4213, 'grad_norm': 16.400550842285156, 'learning_rate': 1.8721668177697192e-06, 'epoch': 3.63}
{'train_runtime': 190.0569, 'train_samples_per_second': 185.629, 'train_steps_per_second': 23.214, 'train_loss': 1.5612142775562388, 'epoch': 4.0}
[32m[I 2026-07-20 05:16:09,406][0m Trial 6 finished with value: 1.5612142775562388 and parameters: {'num_train_epochs': 4, 'learning_rate': 2e-05, 'per_device_train_batch_size': 8, 'per_device_eval_batch_size': 64, 'weight_decay': 0.016184140113449662}. Best is trial 3 with value: 0.943185109391822.[0m
Some weights of BertForSequenceClassification were not initialized from the model checkpoint at google-bert/bert-base-multilingual-cased and are newly initialized: ['classifier.bias', 'classifier.weight']
You should probably TRAIN this model on a down-stream task to be able to use it for predictions and inference.
Map: 100% 8820/8820 [00:01<00:00, 6148.63 examples/s]
Map: 100% 1890/1890 [00:00<00:00, 6224.39 examples/s]
Map: 100% 1890/1890 [00:00<00:00, 6020.03 examples/s]
/content/Emotion-classification-with-PEFT_Augmented_bnf16/hp_tuning_peft.py:56: FutureWarning: `tokenizer` is deprecated and will be removed in version 5.0.0 for `Trainer.__init__`. Use `processing_class` instead.
  trainer = Trainer(
100% 1656/1656 [03:17<00:00,  8.37it/s]
{'loss': 1.5465, 'grad_norm': 4.0469841957092285, 'learning_rate': 6.98671497584541e-05, 'epoch': 1.81}
{'loss': 1.1892, 'grad_norm': 6.123480796813965, 'learning_rate': 3.9673913043478264e-05, 'epoch': 3.62}
{'loss': 1.0233, 'grad_norm': 7.563700199127197, 'learning_rate': 9.480676328502416e-06, 'epoch': 5.43}
{'train_runtime': 197.9012, 'train_samples_per_second': 267.406, 'train_steps_per_second': 8.368, 'train_loss': 1.2282918570698171, 'epoch': 6.0}
[32m[I 2026-07-20 05:19:31,679][0m Trial 7 finished with value: 1.2282918570698171 and parameters: {'num_train_epochs': 6, 'learning_rate': 0.0001, 'per_device_train_batch_size': 32, 'per_device_eval_batch_size': 16, 'weight_decay': 0.0946146334921711}. Best is trial 3 with value: 0.943185109391822.[0m
Some weights of BertForSequenceClassification were not initialized from the model checkpoint at google-bert/bert-base-multilingual-cased and are newly initialized: ['classifier.bias', 'classifier.weight']
You should probably TRAIN this model on a down-stream task to be able to use it for predictions and inference.
Map: 100% 8820/8820 [00:01<00:00, 6159.50 examples/s]
Map: 100% 1890/1890 [00:00<00:00, 6203.42 examples/s]
Map: 100% 1890/1890 [00:00<00:00, 6310.81 examples/s]
/content/Emotion-classification-with-PEFT_Augmented_bnf16/hp_tuning_peft.py:56: FutureWarning: `tokenizer` is deprecated and will be removed in version 5.0.0 for `Trainer.__init__`. Use `processing_class` instead.
  trainer = Trainer(
100% 3309/3309 [02:23<00:00, 23.09it/s]
{'loss': 1.79, 'grad_norm': 2.7195217609405518, 'learning_rate': 1.6983983076458146e-05, 'epoch': 0.45}
{'loss': 1.7629, 'grad_norm': 2.7056031227111816, 'learning_rate': 1.3961922030825024e-05, 'epoch': 0.91}
{'loss': 1.709, 'grad_norm': 4.021640777587891, 'learning_rate': 1.09398609851919e-05, 'epoch': 1.36}
{'loss': 1.6552, 'grad_norm': 5.806418418884277, 'learning_rate': 7.91779993955878e-06, 'epoch': 1.81}
{'loss': 1.625, 'grad_norm': 10.597272872924805, 'learning_rate': 4.895738893925658e-06, 'epoch': 2.27}
{'loss': 1.5869, 'grad_norm': 6.267405033111572, 'learning_rate': 1.8736778482925358e-06, 'epoch': 2.72}
{'train_runtime': 143.3338, 'train_samples_per_second': 184.604, 'train_steps_per_second': 23.086, 'train_loss': 1.679166773648808, 'epoch': 3.0}
[32m[I 2026-07-20 05:21:59,277][0m Trial 8 finished with value: 1.679166773648808 and parameters: {'num_train_epochs': 3, 'learning_rate': 2e-05, 'per_device_train_batch_size': 8, 'per_device_eval_batch_size': 64, 'weight_decay': 0.09550656765192929}. Best is trial 3 with value: 0.943185109391822.[0m
Some weights of BertForSequenceClassification were not initialized from the model checkpoint at google-bert/bert-base-multilingual-cased and are newly initialized: ['classifier.bias', 'classifier.weight']
You should probably TRAIN this model on a down-stream task to be able to use it for predictions and inference.
Map: 100% 8820/8820 [00:01<00:00, 6127.65 examples/s]
Map: 100% 1890/1890 [00:00<00:00, 6061.15 examples/s]
Map: 100% 1890/1890 [00:00<00:00, 6087.67 examples/s]
/content/Emotion-classification-with-PEFT_Augmented_bnf16/hp_tuning_peft.py:56: FutureWarning: `tokenizer` is deprecated and will be removed in version 5.0.0 for `Trainer.__init__`. Use `processing_class` instead.
  trainer = Trainer(
100% 828/828 [01:38<00:00,  8.37it/s]
{'loss': 1.6975, 'grad_norm': 4.652929782867432, 'learning_rate': 1.9867149758454106e-05, 'epoch': 1.81}
{'train_runtime': 98.9646, 'train_samples_per_second': 267.368, 'train_steps_per_second': 8.367, 'train_loss': 1.6158790404094014, 'epoch': 3.0}
[32m[I 2026-07-20 05:23:42,549][0m Trial 9 finished with value: 1.6158790404094014 and parameters: {'num_train_epochs': 3, 'learning_rate': 5e-05, 'per_device_train_batch_size': 32, 'per_device_eval_batch_size': 64, 'weight_decay': 0.06876949326501366}. Best is trial 3 with value: 0.943185109391822.[0m


Best value:  0.943185109391822


Best params:  {'num_train_epochs': 7, 'learning_rate': 0.0001, 'per_device_train_batch_size': 8, 'per_device_eval_batch_size': 8, 'weight_decay': 0.09662786467730278}


Best trial:  FrozenTrial(number=3, state=<TrialState.COMPLETE: 1>, values=[0.943185109391822], datetime_start=datetime.datetime(2026, 7, 20, 5, 1, 9, 118932), datetime_complete=datetime.datetime(2026, 7, 20, 5, 6, 45, 508188), params={'num_train_epochs': 7, 'learning_rate': 0.0001, 'per_device_train_batch_size': 8, 'per_device_eval_batch_size': 8, 'weight_decay': 0.09662786467730278}, user_attrs={}, system_attrs={}, intermediate_values={}, distributions={'num_train_epochs': IntDistribution(high=10, log=False, low=1, step=1), 'learning_rate': CategoricalDistribution(choices=(0.0001, 0.0003, 2e-05, 3e-05, 5e-05)), 'per_device_train_batch_size': CategoricalDistribution(choices=(8, 16, 32, 64)), 'per_device_eval_batch_size': CategoricalDistribution(choices=(8, 16, 32, 64)), 'weight_decay': FloatDistribution(high=0.1, log=False, low=0.0, step=None)}, trial_id=3, value=None)
JSON file created!
