100% 276/276 [01:37<00:00,  2.84it/s]
{'train_runtime': 99.0869, 'train_samples_per_second': 89.013, 'train_steps_per_second': 2.785, 'train_loss': 1.7753636456918025, 'epoch': 1.0}
[32m[I 2026-07-20 02:33:22,820][0m Trial 0 finished with value: 1.7753636456918025 and parameters: {'num_train_epochs': 1, 'learning_rate': 5e-05, 'per_device_train_batch_size': 32, 'per_device_eval_batch_size': 32, 'weight_decay': 0.09466624713579976}. Best is trial 0 with value: 1.7753636456918025.[0m
Some weights of XLMRobertaForSequenceClassification were not initialized from the model checkpoint at FacebookAI/xlm-roberta-large and are newly initialized: ['classifier.dense.bias', 'classifier.dense.weight', 'classifier.out_proj.bias', 'classifier.out_proj.weight']
You should probably TRAIN this model on a down-stream task to be able to use it for predictions and inference.
Map: 100% 8820/8820 [00:01<00:00, 5990.38 examples/s]
Map: 100% 1890/1890 [00:00<00:00, 5797.06 examples/s]
Map: 100% 1890/1890 [00:00<00:00, 5754.03 examples/s]
/content/Emotion-classification-with-PEFT_Augmented_bnf16/hp_tuning_peft.py:56: FutureWarning: `tokenizer` is deprecated and will be removed in version 5.0.0 for `Trainer.__init__`. Use `processing_class` instead.
  trainer = Trainer(
100% 7721/7721 [14:10<00:00,  9.07it/s]
{'loss': 1.4444, 'grad_norm': 17.984460830688477, 'learning_rate': 9.353710659241032e-05, 'epoch': 0.45}
{'loss': 0.7473, 'grad_norm': 18.267013549804688, 'learning_rate': 8.706126149462505e-05, 'epoch': 0.91}
{'loss': 0.6842, 'grad_norm': 12.984016418457031, 'learning_rate': 8.05854163968398e-05, 'epoch': 1.36}
{'loss': 0.654, 'grad_norm': 6.660412788391113, 'learning_rate': 7.410957129905452e-05, 'epoch': 1.81}
{'loss': 0.5857, 'grad_norm': 6.444319248199463, 'learning_rate': 6.763372620126927e-05, 'epoch': 2.27}
{'loss': 0.5779, 'grad_norm': 8.00910472869873, 'learning_rate': 6.115788110348401e-05, 'epoch': 2.72}
{'loss': 0.5916, 'grad_norm': 15.842576026916504, 'learning_rate': 5.4682036005698744e-05, 'epoch': 3.17}
{'loss': 0.5359, 'grad_norm': 11.845399856567383, 'learning_rate': 4.8206190907913486e-05, 'epoch': 3.63}
{'loss': 0.5541, 'grad_norm': 16.34853744506836, 'learning_rate': 4.173034581012822e-05, 'epoch': 4.08}
{'loss': 0.5036, 'grad_norm': 8.57367992401123, 'learning_rate': 3.5254500712342965e-05, 'epoch': 4.53}
{'loss': 0.4992, 'grad_norm': 10.81583023071289, 'learning_rate': 2.8778655614557704e-05, 'epoch': 4.99}
{'loss': 0.4728, 'grad_norm': 24.668550491333008, 'learning_rate': 2.230281051677244e-05, 'epoch': 5.44}
{'loss': 0.4662, 'grad_norm': 19.56975746154785, 'learning_rate': 1.582696541898718e-05, 'epoch': 5.89}
{'loss': 0.449, 'grad_norm': 33.46768569946289, 'learning_rate': 9.351120321201918e-06, 'epoch': 6.35}
{'loss': 0.4447, 'grad_norm': 16.341670989990234, 'learning_rate': 2.8752752234166558e-06, 'epoch': 6.8}
{'train_runtime': 850.8116, 'train_samples_per_second': 72.566, 'train_steps_per_second': 9.075, 'train_loss': 0.6088362013084748, 'epoch': 7.0}
[32m[I 2026-07-20 02:47:39,496][0m Trial 1 finished with value: 0.6088362013084748 and parameters: {'num_train_epochs': 7, 'learning_rate': 0.0001, 'per_device_train_batch_size': 8, 'per_device_eval_batch_size': 8, 'weight_decay': 0.09961791911316853}. Best is trial 1 with value: 0.6088362013084748.[0m
Some weights of XLMRobertaForSequenceClassification were not initialized from the model checkpoint at FacebookAI/xlm-roberta-large and are newly initialized: ['classifier.dense.bias', 'classifier.dense.weight', 'classifier.out_proj.bias', 'classifier.out_proj.weight']
You should probably TRAIN this model on a down-stream task to be able to use it for predictions and inference.
Map: 100% 8820/8820 [00:01<00:00, 5934.83 examples/s]
Map: 100% 1890/1890 [00:00<00:00, 5874.40 examples/s]
Map: 100% 1890/1890 [00:00<00:00, 5859.38 examples/s]
/content/Emotion-classification-with-PEFT_Augmented_bnf16/hp_tuning_peft.py:56: FutureWarning: `tokenizer` is deprecated and will be removed in version 5.0.0 for `Trainer.__init__`. Use `processing_class` instead.
  trainer = Trainer(
100% 966/966 [10:45<00:00,  1.50it/s]
{'loss': 0.7724, 'grad_norm': 8.308980941772461, 'learning_rate': 0.0001450310559006211, 'epoch': 3.62}
{'train_runtime': 645.2744, 'train_samples_per_second': 95.68, 'train_steps_per_second': 1.497, 'train_loss': 0.6209511608810898, 'epoch': 7.0}
[32m[I 2026-07-20 02:58:30,768][0m Trial 2 finished with value: 0.6209511608810898 and parameters: {'num_train_epochs': 7, 'learning_rate': 0.0003, 'per_device_train_batch_size': 64, 'per_device_eval_batch_size': 8, 'weight_decay': 0.0853911382981829}. Best is trial 1 with value: 0.6088362013084748.[0m
Some weights of XLMRobertaForSequenceClassification were not initialized from the model checkpoint at FacebookAI/xlm-roberta-large and are newly initialized: ['classifier.dense.bias', 'classifier.dense.weight', 'classifier.out_proj.bias', 'classifier.out_proj.weight']
You should probably TRAIN this model on a down-stream task to be able to use it for predictions and inference.
Map: 100% 8820/8820 [00:01<00:00, 5586.66 examples/s]
Map: 100% 1890/1890 [00:00<00:00, 5646.12 examples/s]
Map: 100% 1890/1890 [00:00<00:00, 5506.17 examples/s]
/content/Emotion-classification-with-PEFT_Augmented_bnf16/hp_tuning_peft.py:56: FutureWarning: `tokenizer` is deprecated and will be removed in version 5.0.0 for `Trainer.__init__`. Use `processing_class` instead.
  trainer = Trainer(
100% 1932/1932 [11:21<00:00,  2.84it/s]
{'loss': 1.4603, 'grad_norm': 10.014724731445312, 'learning_rate': 2.2251552795031054e-05, 'epoch': 1.81}
{'loss': 0.7172, 'grad_norm': 11.526875495910645, 'learning_rate': 1.4487577639751553e-05, 'epoch': 3.62}
{'loss': 0.6553, 'grad_norm': 11.458921432495117, 'learning_rate': 6.723602484472049e-06, 'epoch': 5.43}
{'train_runtime': 681.3694, 'train_samples_per_second': 90.612, 'train_steps_per_second': 2.835, 'train_loss': 0.8725360372792119, 'epoch': 7.0}
[32m[I 2026-07-20 03:09:58,351][0m Trial 3 finished with value: 0.8725360372792119 and parameters: {'num_train_epochs': 7, 'learning_rate': 3e-05, 'per_device_train_batch_size': 32, 'per_device_eval_batch_size': 32, 'weight_decay': 0.07615436339551399}. Best is trial 1 with value: 0.6088362013084748.[0m
Some weights of XLMRobertaForSequenceClassification were not initialized from the model checkpoint at FacebookAI/xlm-roberta-large and are newly initialized: ['classifier.dense.bias', 'classifier.dense.weight', 'classifier.out_proj.bias', 'classifier.out_proj.weight']
You should probably TRAIN this model on a down-stream task to be able to use it for predictions and inference.
Map: 100% 8820/8820 [00:01<00:00, 5638.51 examples/s]
Map: 100% 1890/1890 [00:00<00:00, 5753.36 examples/s]
Map: 100% 1890/1890 [00:00<00:00, 5739.12 examples/s]
/content/Emotion-classification-with-PEFT_Augmented_bnf16/hp_tuning_peft.py:56: FutureWarning: `tokenizer` is deprecated and will be removed in version 5.0.0 for `Trainer.__init__`. Use `processing_class` instead.
  trainer = Trainer(
100% 552/552 [06:09<00:00,  1.50it/s]
{'loss': 0.783, 'grad_norm': 5.661544322967529, 'learning_rate': 2.8804347826086954e-05, 'epoch': 3.62}
{'train_runtime': 369.1154, 'train_samples_per_second': 95.58, 'train_steps_per_second': 1.495, 'train_loss': 0.7587700304777726, 'epoch': 4.0}
[32m[I 2026-07-20 03:16:13,550][0m Trial 4 finished with value: 0.7587700304777726 and parameters: {'num_train_epochs': 4, 'learning_rate': 0.0003, 'per_device_train_batch_size': 64, 'per_device_eval_batch_size': 64, 'weight_decay': 0.02311634083850135}. Best is trial 1 with value: 0.6088362013084748.[0m
Some weights of XLMRobertaForSequenceClassification were not initialized from the model checkpoint at FacebookAI/xlm-roberta-large and are newly initialized: ['classifier.dense.bias', 'classifier.dense.weight', 'classifier.out_proj.bias', 'classifier.out_proj.weight']
You should probably TRAIN this model on a down-stream task to be able to use it for predictions and inference.
Map: 100% 8820/8820 [00:01<00:00, 5564.56 examples/s]
Map: 100% 1890/1890 [00:00<00:00, 5274.48 examples/s]
Map: 100% 1890/1890 [00:00<00:00, 5333.36 examples/s]
/content/Emotion-classification-with-PEFT_Augmented_bnf16/hp_tuning_peft.py:56: FutureWarning: `tokenizer` is deprecated and will be removed in version 5.0.0 for `Trainer.__init__`. Use `processing_class` instead.
  trainer = Trainer(
100% 138/138 [01:32<00:00,  1.49it/s]
{'train_runtime': 92.3769, 'train_samples_per_second': 95.478, 'train_steps_per_second': 1.494, 'train_loss': 1.779997894729393, 'epoch': 1.0}
[32m[I 2026-07-20 03:17:52,194][0m Trial 5 finished with value: 1.779997894729393 and parameters: {'num_train_epochs': 1, 'learning_rate': 5e-05, 'per_device_train_batch_size': 64, 'per_device_eval_batch_size': 8, 'weight_decay': 0.06806794181477664}. Best is trial 1 with value: 0.6088362013084748.[0m
Some weights of XLMRobertaForSequenceClassification were not initialized from the model checkpoint at FacebookAI/xlm-roberta-large and are newly initialized: ['classifier.dense.bias', 'classifier.dense.weight', 'classifier.out_proj.bias', 'classifier.out_proj.weight']
You should probably TRAIN this model on a down-stream task to be able to use it for predictions and inference.
Map: 100% 8820/8820 [00:01<00:00, 5530.77 examples/s]
Map: 100% 1890/1890 [00:00<00:00, 5570.58 examples/s]
Map: 100% 1890/1890 [00:00<00:00, 5695.08 examples/s]
/content/Emotion-classification-with-PEFT_Augmented_bnf16/hp_tuning_peft.py:56: FutureWarning: `tokenizer` is deprecated and will be removed in version 5.0.0 for `Trainer.__init__`. Use `processing_class` instead.
  trainer = Trainer(
100% 690/690 [07:41<00:00,  1.50it/s]
{'loss': 0.7797, 'grad_norm': 4.993017196655273, 'learning_rate': 8.304347826086954e-05, 'epoch': 3.62}
{'train_runtime': 461.4817, 'train_samples_per_second': 95.562, 'train_steps_per_second': 1.495, 'train_loss': 0.7022040215091429, 'epoch': 5.0}
[32m[I 2026-07-20 03:25:39,660][0m Trial 6 finished with value: 0.7022040215091429 and parameters: {'num_train_epochs': 5, 'learning_rate': 0.0003, 'per_device_train_batch_size': 64, 'per_device_eval_batch_size': 8, 'weight_decay': 0.09733899249409239}. Best is trial 1 with value: 0.6088362013084748.[0m
Some weights of XLMRobertaForSequenceClassification were not initialized from the model checkpoint at FacebookAI/xlm-roberta-large and are newly initialized: ['classifier.dense.bias', 'classifier.dense.weight', 'classifier.out_proj.bias', 'classifier.out_proj.weight']
You should probably TRAIN this model on a down-stream task to be able to use it for predictions and inference.
Map: 100% 8820/8820 [00:01<00:00, 5325.79 examples/s]
Map: 100% 1890/1890 [00:00<00:00, 5613.21 examples/s]
Map: 100% 1890/1890 [00:00<00:00, 5607.69 examples/s]
/content/Emotion-classification-with-PEFT_Augmented_bnf16/hp_tuning_peft.py:56: FutureWarning: `tokenizer` is deprecated and will be removed in version 5.0.0 for `Trainer.__init__`. Use `processing_class` instead.
  trainer = Trainer(
100% 5515/5515 [10:12<00:00,  9.00it/s]
{'loss': 1.498, 'grad_norm': 51.138187408447266, 'learning_rate': 9.095194922937443e-05, 'epoch': 0.45}
{'loss': 0.7645, 'grad_norm': 15.1841402053833, 'learning_rate': 8.188576609247507e-05, 'epoch': 0.91}
{'loss': 0.7, 'grad_norm': 8.796101570129395, 'learning_rate': 7.281958295557571e-05, 'epoch': 1.36}
{'loss': 0.6715, 'grad_norm': 5.255588531494141, 'learning_rate': 6.375339981867635e-05, 'epoch': 1.81}
{'loss': 0.616, 'grad_norm': 6.703876495361328, 'learning_rate': 5.468721668177697e-05, 'epoch': 2.27}
{'loss': 0.5934, 'grad_norm': 8.321682929992676, 'learning_rate': 4.5621033544877605e-05, 'epoch': 2.72}
{'loss': 0.5893, 'grad_norm': 20.75701332092285, 'learning_rate': 3.6554850407978245e-05, 'epoch': 3.17}
{'loss': 0.5439, 'grad_norm': 17.02713966369629, 'learning_rate': 2.7488667271078878e-05, 'epoch': 3.63}
{'loss': 0.5631, 'grad_norm': 20.8070068359375, 'learning_rate': 1.842248413417951e-05, 'epoch': 4.08}
{'loss': 0.5192, 'grad_norm': 13.733888626098633, 'learning_rate': 9.356300997280145e-06, 'epoch': 4.53}
{'loss': 0.5151, 'grad_norm': 8.641329765319824, 'learning_rate': 2.901178603807797e-07, 'epoch': 4.99}
{'train_runtime': 612.4496, 'train_samples_per_second': 72.006, 'train_steps_per_second': 9.005, 'train_loss': 0.6879894819458506, 'epoch': 5.0}
[32m[I 2026-07-20 03:35:58,376][0m Trial 7 finished with value: 0.6879894819458506 and parameters: {'num_train_epochs': 5, 'learning_rate': 0.0001, 'per_device_train_batch_size': 8, 'per_device_eval_batch_size': 8, 'weight_decay': 0.09121660064593068}. Best is trial 1 with value: 0.6088362013084748.[0m
Some weights of XLMRobertaForSequenceClassification were not initialized from the model checkpoint at FacebookAI/xlm-roberta-large and are newly initialized: ['classifier.dense.bias', 'classifier.dense.weight', 'classifier.out_proj.bias', 'classifier.out_proj.weight']
You should probably TRAIN this model on a down-stream task to be able to use it for predictions and inference.
Map: 100% 8820/8820 [00:01<00:00, 5305.69 examples/s]
Map: 100% 1890/1890 [00:00<00:00, 5267.28 examples/s]
Map: 100% 1890/1890 [00:00<00:00, 5240.59 examples/s]
/content/Emotion-classification-with-PEFT_Augmented_bnf16/hp_tuning_peft.py:56: FutureWarning: `tokenizer` is deprecated and will be removed in version 5.0.0 for `Trainer.__init__`. Use `processing_class` instead.
  trainer = Trainer(
100% 5520/5520 [17:30<00:00,  5.25it/s]
{'loss': 1.835, 'grad_norm': 5.0767035484313965, 'learning_rate': 0.00027288043478260865, 'epoch': 0.91}
{'loss': 1.8222, 'grad_norm': 3.9787697792053223, 'learning_rate': 0.0002457065217391304, 'epoch': 1.81}
{'loss': 1.8134, 'grad_norm': 5.9504313468933105, 'learning_rate': 0.00021853260869565216, 'epoch': 2.72}
{'loss': 1.8102, 'grad_norm': 3.4636988639831543, 'learning_rate': 0.00019135869565217392, 'epoch': 3.62}
{'loss': 1.808, 'grad_norm': 4.775026798248291, 'learning_rate': 0.00016418478260869562, 'epoch': 4.53}
{'loss': 1.8099, 'grad_norm': 4.664572715759277, 'learning_rate': 0.00013701086956521738, 'epoch': 5.43}
{'loss': 1.8019, 'grad_norm': 4.986152172088623, 'learning_rate': 0.00010983695652173912, 'epoch': 6.34}
{'loss': 1.8007, 'grad_norm': 4.18307638168335, 'learning_rate': 8.266304347826086e-05, 'epoch': 7.25}
{'loss': 1.7953, 'grad_norm': 2.124713659286499, 'learning_rate': 5.548913043478261e-05, 'epoch': 8.15}
{'loss': 1.7935, 'grad_norm': 3.377499580383301, 'learning_rate': 2.8315217391304345e-05, 'epoch': 9.06}
{'loss': 1.7927, 'grad_norm': 2.9379689693450928, 'learning_rate': 1.1413043478260869e-06, 'epoch': 9.96}
{'train_runtime': 1050.798, 'train_samples_per_second': 83.936, 'train_steps_per_second': 5.253, 'train_loss': 1.8074603142945662, 'epoch': 10.0}
[32m[I 2026-07-20 03:53:35,468][0m Trial 8 finished with value: 1.8074603142945662 and parameters: {'num_train_epochs': 10, 'learning_rate': 0.0003, 'per_device_train_batch_size': 16, 'per_device_eval_batch_size': 32, 'weight_decay': 0.07252546022689718}. Best is trial 1 with value: 0.6088362013084748.[0m
Some weights of XLMRobertaForSequenceClassification were not initialized from the model checkpoint at FacebookAI/xlm-roberta-large and are newly initialized: ['classifier.dense.bias', 'classifier.dense.weight', 'classifier.out_proj.bias', 'classifier.out_proj.weight']
You should probably TRAIN this model on a down-stream task to be able to use it for predictions and inference.
Map: 100% 8820/8820 [00:01<00:00, 5286.67 examples/s]
Map: 100% 1890/1890 [00:00<00:00, 5402.98 examples/s]
Map: 100% 1890/1890 [00:00<00:00, 5531.15 examples/s]
/content/Emotion-classification-with-PEFT_Augmented_bnf16/hp_tuning_peft.py:56: FutureWarning: `tokenizer` is deprecated and will be removed in version 5.0.0 for `Trainer.__init__`. Use `processing_class` instead.
  trainer = Trainer(
100% 3864/3864 [12:15<00:00,  5.25it/s]
{'loss': 1.6599, 'grad_norm': 20.555919647216797, 'learning_rate': 2.612577639751553e-05, 'epoch': 0.91}
{'loss': 0.8085, 'grad_norm': 9.926533699035645, 'learning_rate': 2.224378881987578e-05, 'epoch': 1.81}
{'loss': 0.6916, 'grad_norm': 13.481844902038574, 'learning_rate': 1.8361801242236028e-05, 'epoch': 2.72}
{'loss': 0.6586, 'grad_norm': 13.284948348999023, 'learning_rate': 1.4479813664596274e-05, 'epoch': 3.62}
{'loss': 0.6306, 'grad_norm': 11.740507125854492, 'learning_rate': 1.0597826086956523e-05, 'epoch': 4.53}
{'loss': 0.6064, 'grad_norm': 30.446191787719727, 'learning_rate': 6.715838509316771e-06, 'epoch': 5.43}
{'loss': 0.5986, 'grad_norm': 15.118451118469238, 'learning_rate': 2.8338509316770187e-06, 'epoch': 6.34}
{'train_runtime': 735.8648, 'train_samples_per_second': 83.901, 'train_steps_per_second': 5.251, 'train_loss': 0.7868801417064469, 'epoch': 7.0}
[32m[I 2026-07-20 04:05:58,632][0m Trial 9 finished with value: 0.7868801417064469 and parameters: {'num_train_epochs': 7, 'learning_rate': 3e-05, 'per_device_train_batch_size': 16, 'per_device_eval_batch_size': 32, 'weight_decay': 0.04226767216638736}. Best is trial 1 with value: 0.6088362013084748.[0m


Best value:  0.6088362013084748


Best params:  {'num_train_epochs': 7, 'learning_rate': 0.0001, 'per_device_train_batch_size': 8, 'per_device_eval_batch_size': 8, 'weight_decay': 0.09961791911316853}


Best trial:  FrozenTrial(number=1, state=<TrialState.COMPLETE: 1>, values=[0.6088362013084748], datetime_start=datetime.datetime(2026, 7, 20, 2, 33, 22, 821079), datetime_complete=datetime.datetime(2026, 7, 20, 2, 47, 39, 496365), params={'num_train_epochs': 7, 'learning_rate': 0.0001, 'per_device_train_batch_size': 8, 'per_device_eval_batch_size': 8, 'weight_decay': 0.09961791911316853}, user_attrs={}, system_attrs={}, intermediate_values={}, distributions={'num_train_epochs': IntDistribution(high=10, log=False, low=1, step=1), 'learning_rate': CategoricalDistribution(choices=(0.0001, 0.0003, 2e-05, 3e-05, 5e-05)), 'per_device_train_batch_size': CategoricalDistribution(choices=(8, 16, 32, 64)), 'per_device_eval_batch_size': CategoricalDistribution(choices=(8, 16, 32, 64)), 'weight_decay': FloatDistribution(high=0.1, log=False, low=0.0, step=None)}, trial_id=1, value=None)
JSON file created!
